[debug] [2017-08-29T21:38:15.784Z] ----------------------------------------------------------------------
[debug] [2017-08-29T21:38:15.787Z] Command:      /usr/local/Cellar/node/8.1.3/bin/node /usr/local/bin/firebase deploy
[debug] [2017-08-29T21:38:15.787Z] CLI Version:  3.9.1
[debug] [2017-08-29T21:38:15.787Z] Platform:     darwin
[debug] [2017-08-29T21:38:15.787Z] Node Version: v8.1.3
[debug] [2017-08-29T21:38:15.787Z] Time:         Tue Aug 29 2017 15:38:15 GMT-0600 (MDT)
[debug] [2017-08-29T21:38:15.787Z] ----------------------------------------------------------------------
[debug] 
[debug] [2017-08-29T21:38:15.799Z] > command requires scopes: ["email","openid","https://www.googleapis.com/auth/cloudplatformprojects.readonly","https://www.googleapis.com/auth/firebase","https://www.googleapis.com/auth/cloud-platform"]
[debug] [2017-08-29T21:38:15.800Z] > authorizing via signed-in user
[debug] [2017-08-29T21:38:15.801Z] > refreshing access token with scopes: ["email","https://www.googleapis.com/auth/cloud-platform","https://www.googleapis.com/auth/cloudplatformprojects.readonly","https://www.googleapis.com/auth/firebase","openid"]
[debug] [2017-08-29T21:38:15.801Z] >>> HTTP REQUEST POST https://www.googleapis.com/oauth2/v3/token { refresh_token: '1/03KEc-Qz36XfwSKnV2ditwSC0cUrCPGq6MlFeBPdRcw',
  client_id: '563584335869-fgrhgmd47bqnekij5i8b5pr03ho849e6.apps.googleusercontent.com',
  client_secret: 'j9iVZfS8kkCEFUPaAeJV0sAi',
  grant_type: 'refresh_token',
  scope: 'email https://www.googleapis.com/auth/cloud-platform https://www.googleapis.com/auth/cloudplatformprojects.readonly https://www.googleapis.com/auth/firebase openid' } 
 Tue Aug 29 2017 15:38:15 GMT-0600 (MDT)
[debug] [2017-08-29T21:38:16.103Z] <<< HTTP RESPONSE 200
[debug] [2017-08-29T21:38:16.117Z] >>> HTTP REQUEST GET https://admin.firebase.com/v1/projects/myfirstemberapp  
 Tue Aug 29 2017 15:38:16 GMT-0600 (MDT)
[debug] [2017-08-29T21:38:16.391Z] <<< HTTP RESPONSE 200
[debug] [2017-08-29T21:38:16.392Z] >>> HTTP REQUEST GET https://admin.firebase.com/v1/database/myfirstemberapp/tokens  
 Tue Aug 29 2017 15:38:16 GMT-0600 (MDT)
[debug] [2017-08-29T21:38:16.967Z] <<< HTTP RESPONSE 200
[info] 
[info] === Deploying to 'myfirstemberapp'...
[info] 
[info] i  deploying hosting
[info] i  hosting: preparing ./ directory for upload...
[warn] ⚠  Warning: Public directory does not contain index.html
[debug] [2017-08-29T21:39:11.933Z] >>> HTTP REQUEST PUT https://deploy.firebase.com/v1/hosting/myfirstemberapp/uploads/-KsjvZOf9gwQ1Tg0ly3q?fileCount=21985&message=  
 Tue Aug 29 2017 15:39:11 GMT-0600 (MDT)
[error] 
[error] Error: File upload failed: Storage error. Please try again. Failed to upload file "emberInbox/node_modules/ember-bootstrap/DEBUG/ember-bootstrap:name() {\n    const getPackageBaseName = require('..-utilities-get-package-base-name');\n\n    return getPackageBaseName(this.pkg.name);\n  }:addon-templates-tree:bootstrap-version/components/bs-accordion/body.hbs": Disallowed unicode characters present in object name '%s'
[debug] [2017-08-29T21:39:42.316Z] Error Context: {
  "duration": 24862,
  "fileCount": 6299,
  "ip": "128.177.113.102",
  "start": 1504042757466,
  "status": "failed",
  "statusMessage": "Storage error. Please try again. Failed to upload file \"emberInbox/node_modules/ember-bootstrap/DEBUG/ember-bootstrap:name() {\\n    const getPackageBaseName = require('..-utilities-get-package-base-name');\\n\\n    return getPackageBaseName(this.pkg.name);\\n  }:addon-templates-tree:bootstrap-version/components/bs-accordion/body.hbs\": Disallowed unicode characters present in object name '%s'",
  "uid": "108821332850320270130",
  "uploadedCount": 6229,
  "user": {
    "email": "nick.nasky@gmail.com",
    "gaiaId": "108821332850320270130",
    "image": "https://lh3.googleusercontent.com/-XdUIqdMkCWA/AAAAAAAAAAI/AAAAAAAAAAA/4252rscbv5M/photo.jpg"
  }
}
